2023-10-30 16:49:10.644 [info] Added views:workbench.panel.markers.view in workbench.panel.markers
2023-10-30 16:49:10.644 [info] Added views:workbench.panel.output in workbench.panel.output
2023-10-30 16:49:10.644 [info] Added views:terminal in terminal
2023-10-30 16:49:10.644 [info] Added views:outline in workbench.view.explorer
2023-10-30 16:49:10.644 [info] Added views:workbench.scm in workbench.view.scm
2023-10-30 16:49:10.644 [info] Added views:workbench.view.search in workbench.view.search
2023-10-30 16:49:10.644 [info] Added views:timeline in workbench.view.explorer
2023-10-30 16:49:10.644 [info] Added views:workbench.explorer.fileView in workbench.view.explorer
2023-10-30 16:49:10.897 [info] Added views:workbench.debug.variablesView,workbench.debug.watchExpressionsView,workbench.debug.callStackView,workbench.debug.breakPointsView in workbench.view.debug
2023-10-30 16:49:11.121 [info] Added views:~remote.forwardedPorts in ~remote.forwardedPortsContainer
2023-10-30 16:49:11.300 [info] Added views:workbench.panel.repl.view in workbench.panel.repl
2023-10-30 16:49:11.301 [info] Removed views:workbench.debug.breakPointsView,workbench.debug.callStackView,workbench.debug.watchExpressionsView,workbench.debug.variablesView from workbench.view.debug
2023-10-30 16:49:11.302 [info] Added views:workbench.debug.welcome in workbench.view.debug
2023-10-30 16:49:11.746 [info] Added views:rustDependencies in workbench.view.explorer
2023-10-30 16:49:15.685 [info] Added views:workbench.views.extensions.installed,workbench.views.extensions.popular,extensions.recommendedList in workbench.view.extensions
2023-10-30 16:49:15.685 [info] Removed views:workbench.views.extensions.popular from workbench.view.extensions
2023-10-30 16:49:24.307 [info] Removed views:extensions.recommendedList,workbench.views.extensions.installed from workbench.view.extensions
2023-10-30 16:49:24.318 [info] Added views:workbench.views.extensions.marketplace in workbench.view.extensions
2023-10-30 16:49:51.489 [info] Removed views:workbench.views.extensions.marketplace from workbench.view.extensions
2023-10-30 16:49:51.504 [info] Added views:workbench.views.extensions.installed,extensions.recommendedList in workbench.view.extensions
2023-10-30 16:50:07.923 [info] Added views:workbench.view.testing in workbench.view.extension.test
