2023-10-30 16:49:11.593 [info] Log level: Info
2023-10-30 16:49:11.593 [info] Validating found git in: "git"
2023-10-30 16:49:11.593 [info] Using git "2.42.0" from "git"
2023-10-30 16:49:11.593 [info] > git rev-parse --show-toplevel [29ms]
2023-10-30 16:49:11.593 [info] > git rev-parse --git-dir --git-common-dir [14ms]
2023-10-30 16:49:11.593 [info] Open repository: /home/Luna/programing/work/simulationTool/core
2023-10-30 16:49:11.606 [info] > git rev-parse --show-toplevel [3ms]
2023-10-30 16:49:11.607 [info] > git config --get commit.template [7ms]
2023-10-30 16:49:11.622 [info] > git rev-parse --show-toplevel [10ms]
2023-10-30 16:49:11.627 [info] > git for-each-ref --format=%(refname)%00%(upstream:short)%00%(objectname)%00%(upstream:track)%00%(upstream:remotename)%00%(upstream:remoteref) refs/heads/feature/DB-28_DB-29-edgavilan refs/remotes/feature/DB-28_DB-29-edgavilan [7ms]
2023-10-30 16:49:11.634 [info] > git rev-parse --show-toplevel [7ms]
2023-10-30 16:49:11.664 [info] > git rev-parse --show-toplevel [9ms]
2023-10-30 16:49:11.684 [info] > git rev-parse --show-toplevel [16ms]
2023-10-30 16:49:11.716 [info] > git rev-parse --show-toplevel [27ms]
2023-10-30 16:49:12.002 [info] > git status -z -uall [370ms]
2023-10-30 16:49:12.037 [info] > git config --get commit.template [6ms]
2023-10-30 16:49:12.038 [info] > git for-each-ref --format=%(refname)%00%(upstream:short)%00%(objectname)%00%(upstream:track)%00%(upstream:remotename)%00%(upstream:remoteref) refs/heads/feature/DB-28_DB-29-edgavilan refs/remotes/feature/DB-28_DB-29-edgavilan [2ms]
2023-10-30 16:49:12.144 [info] > git check-ignore -v -z --stdin [14ms]
2023-10-30 16:49:12.377 [info] > git status -z -uall [336ms]
2023-10-30 16:49:46.835 [info] > git config --get commit.template [1ms]
2023-10-30 16:49:46.841 [info] > git for-each-ref --format=%(refname)%00%(upstream:short)%00%(objectname)%00%(upstream:track)%00%(upstream:remotename)%00%(upstream:remoteref) refs/heads/feature/DB-28_DB-29-edgavilan refs/remotes/feature/DB-28_DB-29-edgavilan [1ms]
2023-10-30 16:49:47.113 [info] > git status -z -uall [269ms]
2023-10-30 16:49:52.158 [info] > git config --get commit.template [4ms]
2023-10-30 16:49:52.159 [info] > git for-each-ref --format=%(refname)%00%(upstream:short)%00%(objectname)%00%(upstream:track)%00%(upstream:remotename)%00%(upstream:remoteref) refs/heads/feature/DB-28_DB-29-edgavilan refs/remotes/feature/DB-28_DB-29-edgavilan [1ms]
2023-10-30 16:49:52.413 [info] > git status -z -uall [251ms]
2023-10-30 16:49:58.693 [info] > git check-ignore -v -z --stdin [2ms]
2023-10-30 16:50:00.869 [info] > git check-ignore -v -z --stdin [2ms]
2023-10-30 16:50:05.312 [info] > git check-ignore -v -z --stdin [1ms]
2023-10-30 16:50:06.261 [info] > git check-ignore -v -z --stdin [1ms]
2023-10-30 16:50:07.945 [info] > git show --textconv :scripts/manager.py [11ms]
2023-10-30 16:50:07.945 [info] > git ls-files --stage -- /home/Luna/programing/work/simulationTool/core/scripts/manager.py [4ms]
2023-10-30 16:50:07.956 [info] > git cat-file -s 06b07806bd3925b8a7e21d4be69192a3e2e13ffa [5ms]
2023-10-30 16:50:26.453 [info] > git check-ignore -v -z --stdin [1ms]
2023-10-30 16:50:29.947 [info] > git show --textconv :server/src/manager.rs [5ms]
2023-10-30 16:50:29.952 [info] > git ls-files --stage -- /home/Luna/programing/work/simulationTool/core/server/src/manager.rs [5ms]
2023-10-30 16:50:29.957 [info] > git cat-file -s b801ea159dbf8b79516dcedb4bfc2935ed2482e2 [1ms]
2023-10-30 16:52:45.453 [info] > git config --get commit.template [6ms]
2023-10-30 16:52:45.454 [info] > git for-each-ref --format=%(refname)%00%(upstream:short)%00%(objectname)%00%(upstream:track)%00%(upstream:remotename)%00%(upstream:remoteref) refs/heads/feature/DB-28_DB-29-edgavilan refs/remotes/feature/DB-28_DB-29-edgavilan [1ms]
2023-10-30 16:52:45.726 [info] > git status -z -uall [268ms]
2023-10-30 16:52:50.745 [info] > git config --get commit.template [6ms]
2023-10-30 16:52:50.746 [info] > git for-each-ref --format=%(refname)%00%(upstream:short)%00%(objectname)%00%(upstream:track)%00%(upstream:remotename)%00%(upstream:remoteref) refs/heads/feature/DB-28_DB-29-edgavilan refs/remotes/feature/DB-28_DB-29-edgavilan [2ms]
2023-10-30 16:52:51.030 [info] > git status -z -uall [281ms]
2023-10-30 16:53:49.289 [info] > git config --get commit.template [5ms]
2023-10-30 16:53:49.290 [info] > git for-each-ref --format=%(refname)%00%(upstream:short)%00%(objectname)%00%(upstream:track)%00%(upstream:remotename)%00%(upstream:remoteref) refs/heads/feature/DB-28_DB-29-edgavilan refs/remotes/feature/DB-28_DB-29-edgavilan [2ms]
2023-10-30 16:53:49.548 [info] > git status -z -uall [255ms]
2023-10-30 16:54:32.747 [info] > git show --textconv :server/src/main.rs [5ms]
2023-10-30 16:54:32.748 [info] > git ls-files --stage -- /home/Luna/programing/work/simulationTool/core/server/src/main.rs [2ms]
2023-10-30 16:54:32.754 [info] > git cat-file -s ed4f2756e3e5caffed066a89740b2b17833d10b0 [2ms]
