2023-10-25 14:17:52.836 [info] Log level: Info
2023-10-25 14:17:52.836 [info] Validating found git in: "git"
2023-10-25 14:17:52.836 [info] Using git "2.42.0" from "git"
2023-10-25 14:17:52.836 [info] > git rev-parse --show-toplevel [124ms]
2023-10-25 14:17:52.836 [info] > git rev-parse --git-dir --git-common-dir [22ms]
2023-10-25 14:17:52.836 [info] Open repository: /home/Luna/programing/work/simulationTool/core
2023-10-25 14:17:52.853 [info] > git rev-parse --show-toplevel [55ms]
2023-10-25 14:17:52.860 [info] > git config --get commit.template [100ms]
2023-10-25 14:17:52.880 [info] > git rev-parse --show-toplevel [6ms]
2023-10-25 14:17:52.888 [info] > git for-each-ref --format=%(refname)%00%(upstream:short)%00%(objectname)%00%(upstream:track)%00%(upstream:remotename)%00%(upstream:remoteref) refs/heads/feature/DB-28_DB-29-edgavilan refs/remotes/feature/DB-28_DB-29-edgavilan [9ms]
2023-10-25 14:17:52.905 [info] > git rev-parse --show-toplevel [18ms]
2023-10-25 14:17:52.972 [info] > git status -z -uall [68ms]
2023-10-25 14:17:53.008 [info] > git rev-parse --show-toplevel [44ms]
2023-10-25 14:17:53.015 [info] > git config --get commit.template [9ms]
2023-10-25 14:17:53.034 [info] > git rev-parse --show-toplevel [20ms]
2023-10-25 14:17:53.145 [info] > git for-each-ref --format=%(refname)%00%(upstream:short)%00%(objectname)%00%(upstream:track)%00%(upstream:remotename)%00%(upstream:remoteref) refs/heads/feature/DB-28_DB-29-edgavilan refs/remotes/feature/DB-28_DB-29-edgavilan [100ms]
2023-10-25 14:17:53.192 [info] > git status -z -uall [27ms]
2023-10-25 14:17:53.194 [info] > git rev-parse --show-toplevel [112ms]
2023-10-25 14:17:53.205 [info] > git rev-parse --show-toplevel [6ms]
2023-10-25 14:17:53.623 [info] > git check-ignore -v -z --stdin [16ms]
2023-10-25 14:17:56.442 [info] > git for-each-ref --format=%(refname)%00%(upstream:short)%00%(objectname)%00%(upstream:track)%00%(upstream:remotename)%00%(upstream:remoteref) refs/heads/feature/DB-28_DB-29-edgavilan refs/remotes/feature/DB-28_DB-29-edgavilan [5ms]
2023-10-25 14:17:56.442 [info] > git config --get commit.template [12ms]
2023-10-25 14:17:56.450 [info] > git status -z -uall [2ms]
2023-10-25 14:19:11.315 [info] > git config --get commit.template [2ms]
2023-10-25 14:19:11.322 [info] > git for-each-ref --format=%(refname)%00%(upstream:short)%00%(objectname)%00%(upstream:track)%00%(upstream:remotename)%00%(upstream:remoteref) refs/heads/feature/DB-28_DB-29-edgavilan refs/remotes/feature/DB-28_DB-29-edgavilan [2ms]
2023-10-25 14:19:11.332 [info] > git status -z -uall [2ms]
2023-10-25 14:19:16.365 [info] > git config --get commit.template [4ms]
2023-10-25 14:19:16.366 [info] > git for-each-ref --format=%(refname)%00%(upstream:short)%00%(objectname)%00%(upstream:track)%00%(upstream:remotename)%00%(upstream:remoteref) refs/heads/feature/DB-28_DB-29-edgavilan refs/remotes/feature/DB-28_DB-29-edgavilan [1ms]
2023-10-25 14:19:16.372 [info] > git status -z -uall [2ms]
2023-10-25 14:20:11.184 [info] > git check-ignore -v -z --stdin [1ms]
2023-10-25 14:20:15.741 [info] > git check-ignore -v -z --stdin [1ms]
2023-10-25 14:20:16.826 [info] > git check-ignore -v -z --stdin [1ms]
2023-10-25 14:20:19.662 [info] > git ls-files --stage -- /home/Luna/programing/work/simulationTool/core/agent/src/process.rs [0ms]
2023-10-25 14:20:19.674 [info] > git cat-file -s 011a84bf31828dce90f1bc9278790d9ad2f05cc1 [3ms]
2023-10-25 14:20:19.689 [info] > git show --textconv :agent/src/process.rs [34ms]
2023-10-25 14:22:22.620 [info] > git show --textconv :agent/src/main.rs [5ms]
2023-10-25 14:22:22.621 [info] > git ls-files --stage -- /home/Luna/programing/work/simulationTool/core/agent/src/main.rs [2ms]
2023-10-25 14:22:22.626 [info] > git cat-file -s 33bb14339da631f49b54010409e915e4efc67408 [2ms]
2023-10-25 14:23:52.398 [info] > git config --get commit.template [7ms]
2023-10-25 14:23:52.399 [info] > git for-each-ref --format=%(refname)%00%(upstream:short)%00%(objectname)%00%(upstream:track)%00%(upstream:remotename)%00%(upstream:remoteref) refs/heads/feature/DB-28_DB-29-edgavilan refs/remotes/feature/DB-28_DB-29-edgavilan [1ms]
2023-10-25 14:23:52.404 [info] > git status -z -uall [2ms]
2023-10-25 14:23:57.547 [info] > git config --get commit.template [6ms]
2023-10-25 14:23:57.549 [info] > git for-each-ref --format=%(refname)%00%(upstream:short)%00%(objectname)%00%(upstream:track)%00%(upstream:remotename)%00%(upstream:remoteref) refs/heads/feature/DB-28_DB-29-edgavilan refs/remotes/feature/DB-28_DB-29-edgavilan [3ms]
2023-10-25 14:23:57.555 [info] > git status -z -uall [3ms]
2023-10-25 14:24:55.667 [info] > git for-each-ref --format=%(refname)%00%(upstream:short)%00%(objectname)%00%(upstream:track)%00%(upstream:remotename)%00%(upstream:remoteref) refs/heads/feature/DB-28_DB-29-edgavilan refs/remotes/feature/DB-28_DB-29-edgavilan [2ms]
2023-10-25 14:24:55.667 [info] > git config --get commit.template [8ms]
2023-10-25 14:24:55.673 [info] > git status -z -uall [3ms]
2023-10-25 14:25:00.788 [info] > git config --get commit.template [5ms]
2023-10-25 14:25:00.789 [info] > git for-each-ref --format=%(refname)%00%(upstream:short)%00%(objectname)%00%(upstream:track)%00%(upstream:remotename)%00%(upstream:remoteref) refs/heads/feature/DB-28_DB-29-edgavilan refs/remotes/feature/DB-28_DB-29-edgavilan [2ms]
2023-10-25 14:25:00.795 [info] > git status -z -uall [2ms]
2023-10-25 14:25:55.149 [info] > git config --get commit.template [6ms]
2023-10-25 14:25:55.150 [info] > git for-each-ref --format=%(refname)%00%(upstream:short)%00%(objectname)%00%(upstream:track)%00%(upstream:remotename)%00%(upstream:remoteref) refs/heads/feature/DB-28_DB-29-edgavilan refs/remotes/feature/DB-28_DB-29-edgavilan [2ms]
2023-10-25 14:25:55.157 [info] > git status -z -uall [2ms]
2023-10-25 14:26:00.185 [info] > git config --get commit.template [4ms]
2023-10-25 14:26:00.186 [info] > git for-each-ref --format=%(refname)%00%(upstream:short)%00%(objectname)%00%(upstream:track)%00%(upstream:remotename)%00%(upstream:remoteref) refs/heads/feature/DB-28_DB-29-edgavilan refs/remotes/feature/DB-28_DB-29-edgavilan [2ms]
2023-10-25 14:26:00.191 [info] > git status -z -uall [2ms]
2023-10-25 14:27:53.213 [info] > git config --get commit.template [9ms]
2023-10-25 14:27:53.214 [info] > git for-each-ref --format=%(refname)%00%(upstream:short)%00%(objectname)%00%(upstream:track)%00%(upstream:remotename)%00%(upstream:remoteref) refs/heads/feature/DB-28_DB-29-edgavilan refs/remotes/feature/DB-28_DB-29-edgavilan [2ms]
2023-10-25 14:27:53.221 [info] > git status -z -uall [2ms]
2023-10-25 14:27:54.575 [info] > git check-ignore -v -z --stdin [1ms]
2023-10-25 14:27:58.293 [info] > git config --get commit.template [4ms]
2023-10-25 14:27:58.294 [info] > git for-each-ref --format=%(refname)%00%(upstream:short)%00%(objectname)%00%(upstream:track)%00%(upstream:remotename)%00%(upstream:remoteref) refs/heads/feature/DB-28_DB-29-edgavilan refs/remotes/feature/DB-28_DB-29-edgavilan [1ms]
2023-10-25 14:27:58.302 [info] > git status -z -uall [4ms]
2023-10-25 14:28:38.130 [info] > git config --get commit.template [4ms]
2023-10-25 14:28:38.131 [info] > git for-each-ref --format=%(refname)%00%(upstream:short)%00%(objectname)%00%(upstream:track)%00%(upstream:remotename)%00%(upstream:remoteref) refs/heads/feature/DB-28_DB-29-edgavilan refs/remotes/feature/DB-28_DB-29-edgavilan [2ms]
2023-10-25 14:28:38.137 [info] > git status -z -uall [2ms]
2023-10-25 14:28:45.074 [info] > git config --get commit.template [5ms]
2023-10-25 14:28:45.075 [info] > git for-each-ref --format=%(refname)%00%(upstream:short)%00%(objectname)%00%(upstream:track)%00%(upstream:remotename)%00%(upstream:remoteref) refs/heads/feature/DB-28_DB-29-edgavilan refs/remotes/feature/DB-28_DB-29-edgavilan [2ms]
2023-10-25 14:28:45.080 [info] > git status -z -uall [2ms]
2023-10-25 14:28:50.137 [info] > git config --get commit.template [4ms]
2023-10-25 14:28:50.138 [info] > git for-each-ref --format=%(refname)%00%(upstream:short)%00%(objectname)%00%(upstream:track)%00%(upstream:remotename)%00%(upstream:remoteref) refs/heads/feature/DB-28_DB-29-edgavilan refs/remotes/feature/DB-28_DB-29-edgavilan [1ms]
2023-10-25 14:28:50.145 [info] > git status -z -uall [3ms]
2023-10-25 14:28:55.169 [info] > git config --get commit.template [4ms]
2023-10-25 14:28:55.170 [info] > git for-each-ref --format=%(refname)%00%(upstream:short)%00%(objectname)%00%(upstream:track)%00%(upstream:remotename)%00%(upstream:remoteref) refs/heads/feature/DB-28_DB-29-edgavilan refs/remotes/feature/DB-28_DB-29-edgavilan [2ms]
2023-10-25 14:28:55.175 [info] > git status -z -uall [2ms]
2023-10-25 14:29:00.190 [info] > git config --get commit.template [5ms]
2023-10-25 14:29:00.191 [info] > git for-each-ref --format=%(refname)%00%(upstream:short)%00%(objectname)%00%(upstream:track)%00%(upstream:remotename)%00%(upstream:remoteref) refs/heads/feature/DB-28_DB-29-edgavilan refs/remotes/feature/DB-28_DB-29-edgavilan [2ms]
2023-10-25 14:29:00.197 [info] > git status -z -uall [3ms]
2023-10-25 14:29:05.212 [info] > git config --get commit.template [4ms]
2023-10-25 14:29:05.213 [info] > git for-each-ref --format=%(refname)%00%(upstream:short)%00%(objectname)%00%(upstream:track)%00%(upstream:remotename)%00%(upstream:remoteref) refs/heads/feature/DB-28_DB-29-edgavilan refs/remotes/feature/DB-28_DB-29-edgavilan [2ms]
2023-10-25 14:29:05.220 [info] > git status -z -uall [2ms]
2023-10-25 14:29:10.280 [info] > git config --get commit.template [4ms]
2023-10-25 14:29:10.282 [info] > git for-each-ref --format=%(refname)%00%(upstream:short)%00%(objectname)%00%(upstream:track)%00%(upstream:remotename)%00%(upstream:remoteref) refs/heads/feature/DB-28_DB-29-edgavilan refs/remotes/feature/DB-28_DB-29-edgavilan [2ms]
2023-10-25 14:29:10.288 [info] > git status -z -uall [3ms]
2023-10-25 14:29:15.301 [info] > git config --get commit.template [6ms]
2023-10-25 14:29:15.302 [info] > git for-each-ref --format=%(refname)%00%(upstream:short)%00%(objectname)%00%(upstream:track)%00%(upstream:remotename)%00%(upstream:remoteref) refs/heads/feature/DB-28_DB-29-edgavilan refs/remotes/feature/DB-28_DB-29-edgavilan [3ms]
2023-10-25 14:29:15.308 [info] > git status -z -uall [2ms]
2023-10-25 14:29:20.999 [info] > git config --get commit.template [20ms]
2023-10-25 14:29:21.006 [info] > git for-each-ref --format=%(refname)%00%(upstream:short)%00%(objectname)%00%(upstream:track)%00%(upstream:remotename)%00%(upstream:remoteref) refs/heads/feature/DB-28_DB-29-edgavilan refs/remotes/feature/DB-28_DB-29-edgavilan [1ms]
2023-10-25 14:29:21.012 [info] > git status -z -uall [3ms]
2023-10-25 14:29:26.025 [info] > git config --get commit.template [5ms]
2023-10-25 14:29:26.026 [info] > git for-each-ref --format=%(refname)%00%(upstream:short)%00%(objectname)%00%(upstream:track)%00%(upstream:remotename)%00%(upstream:remoteref) refs/heads/feature/DB-28_DB-29-edgavilan refs/remotes/feature/DB-28_DB-29-edgavilan [2ms]
2023-10-25 14:29:26.031 [info] > git status -z -uall [2ms]
2023-10-25 14:29:31.077 [info] > git config --get commit.template [3ms]
2023-10-25 14:29:31.083 [info] > git for-each-ref --format=%(refname)%00%(upstream:short)%00%(objectname)%00%(upstream:track)%00%(upstream:remotename)%00%(upstream:remoteref) refs/heads/feature/DB-28_DB-29-edgavilan refs/remotes/feature/DB-28_DB-29-edgavilan [2ms]
2023-10-25 14:29:31.089 [info] > git status -z -uall [3ms]
2023-10-25 14:29:36.198 [info] > git config --get commit.template [5ms]
2023-10-25 14:29:36.199 [info] > git for-each-ref --format=%(refname)%00%(upstream:short)%00%(objectname)%00%(upstream:track)%00%(upstream:remotename)%00%(upstream:remoteref) refs/heads/feature/DB-28_DB-29-edgavilan refs/remotes/feature/DB-28_DB-29-edgavilan [1ms]
2023-10-25 14:29:36.208 [info] > git status -z -uall [6ms]
2023-10-25 14:29:41.246 [info] > git config --get commit.template [4ms]
2023-10-25 14:29:41.248 [info] > git for-each-ref --format=%(refname)%00%(upstream:short)%00%(objectname)%00%(upstream:track)%00%(upstream:remotename)%00%(upstream:remoteref) refs/heads/feature/DB-28_DB-29-edgavilan refs/remotes/feature/DB-28_DB-29-edgavilan [1ms]
2023-10-25 14:29:41.254 [info] > git status -z -uall [2ms]
2023-10-25 14:29:46.540 [info] > git config --get commit.template [5ms]
2023-10-25 14:29:46.541 [info] > git for-each-ref --format=%(refname)%00%(upstream:short)%00%(objectname)%00%(upstream:track)%00%(upstream:remotename)%00%(upstream:remoteref) refs/heads/feature/DB-28_DB-29-edgavilan refs/remotes/feature/DB-28_DB-29-edgavilan [2ms]
2023-10-25 14:29:46.547 [info] > git status -z -uall [3ms]
2023-10-25 14:29:51.612 [info] > git config --get commit.template [7ms]
2023-10-25 14:29:51.612 [info] > git for-each-ref --format=%(refname)%00%(upstream:short)%00%(objectname)%00%(upstream:track)%00%(upstream:remotename)%00%(upstream:remoteref) refs/heads/feature/DB-28_DB-29-edgavilan refs/remotes/feature/DB-28_DB-29-edgavilan [2ms]
2023-10-25 14:29:51.617 [info] > git status -z -uall [2ms]
2023-10-25 14:29:56.635 [info] > git config --get commit.template [5ms]
2023-10-25 14:29:56.636 [info] > git for-each-ref --format=%(refname)%00%(upstream:short)%00%(objectname)%00%(upstream:track)%00%(upstream:remotename)%00%(upstream:remoteref) refs/heads/feature/DB-28_DB-29-edgavilan refs/remotes/feature/DB-28_DB-29-edgavilan [2ms]
2023-10-25 14:29:56.641 [info] > git status -z -uall [2ms]
2023-10-25 14:30:01.662 [info] > git config --get commit.template [7ms]
2023-10-25 14:30:01.663 [info] > git for-each-ref --format=%(refname)%00%(upstream:short)%00%(objectname)%00%(upstream:track)%00%(upstream:remotename)%00%(upstream:remoteref) refs/heads/feature/DB-28_DB-29-edgavilan refs/remotes/feature/DB-28_DB-29-edgavilan [1ms]
2023-10-25 14:30:01.670 [info] > git status -z -uall [3ms]
2023-10-25 14:30:06.749 [info] > git config --get commit.template [6ms]
2023-10-25 14:30:06.750 [info] > git for-each-ref --format=%(refname)%00%(upstream:short)%00%(objectname)%00%(upstream:track)%00%(upstream:remotename)%00%(upstream:remoteref) refs/heads/feature/DB-28_DB-29-edgavilan refs/remotes/feature/DB-28_DB-29-edgavilan [1ms]
2023-10-25 14:30:06.755 [info] > git status -z -uall [2ms]
2023-10-25 14:30:11.788 [info] > git config --get commit.template [10ms]
2023-10-25 14:30:11.789 [info] > git for-each-ref --format=%(refname)%00%(upstream:short)%00%(objectname)%00%(upstream:track)%00%(upstream:remotename)%00%(upstream:remoteref) refs/heads/feature/DB-28_DB-29-edgavilan refs/remotes/feature/DB-28_DB-29-edgavilan [2ms]
2023-10-25 14:30:11.796 [info] > git status -z -uall [4ms]
2023-10-25 14:30:16.856 [info] > git config --get commit.template [4ms]
2023-10-25 14:30:16.858 [info] > git for-each-ref --format=%(refname)%00%(upstream:short)%00%(objectname)%00%(upstream:track)%00%(upstream:remotename)%00%(upstream:remoteref) refs/heads/feature/DB-28_DB-29-edgavilan refs/remotes/feature/DB-28_DB-29-edgavilan [2ms]
2023-10-25 14:30:16.863 [info] > git status -z -uall [2ms]
2023-10-25 14:30:21.943 [info] > git config --get commit.template [5ms]
2023-10-25 14:30:21.944 [info] > git for-each-ref --format=%(refname)%00%(upstream:short)%00%(objectname)%00%(upstream:track)%00%(upstream:remotename)%00%(upstream:remoteref) refs/heads/feature/DB-28_DB-29-edgavilan refs/remotes/feature/DB-28_DB-29-edgavilan [2ms]
2023-10-25 14:30:21.949 [info] > git status -z -uall [2ms]
2023-10-25 14:30:26.965 [info] > git config --get commit.template [3ms]
2023-10-25 14:30:26.966 [info] > git for-each-ref --format=%(refname)%00%(upstream:short)%00%(objectname)%00%(upstream:track)%00%(upstream:remotename)%00%(upstream:remoteref) refs/heads/feature/DB-28_DB-29-edgavilan refs/remotes/feature/DB-28_DB-29-edgavilan [1ms]
2023-10-25 14:30:26.972 [info] > git status -z -uall [3ms]
2023-10-25 14:30:32.062 [info] > git config --get commit.template [6ms]
2023-10-25 14:30:32.063 [info] > git for-each-ref --format=%(refname)%00%(upstream:short)%00%(objectname)%00%(upstream:track)%00%(upstream:remotename)%00%(upstream:remoteref) refs/heads/feature/DB-28_DB-29-edgavilan refs/remotes/feature/DB-28_DB-29-edgavilan [1ms]
2023-10-25 14:30:32.069 [info] > git status -z -uall [2ms]
2023-10-25 14:30:37.106 [info] > git config --get commit.template [4ms]
2023-10-25 14:30:37.107 [info] > git for-each-ref --format=%(refname)%00%(upstream:short)%00%(objectname)%00%(upstream:track)%00%(upstream:remotename)%00%(upstream:remoteref) refs/heads/feature/DB-28_DB-29-edgavilan refs/remotes/feature/DB-28_DB-29-edgavilan [2ms]
2023-10-25 14:30:37.113 [info] > git status -z -uall [2ms]
2023-10-25 14:30:42.254 [info] > git config --get commit.template [19ms]
2023-10-25 14:30:42.280 [info] > git for-each-ref --format=%(refname)%00%(upstream:short)%00%(objectname)%00%(upstream:track)%00%(upstream:remotename)%00%(upstream:remoteref) refs/heads/feature/DB-28_DB-29-edgavilan refs/remotes/feature/DB-28_DB-29-edgavilan [1ms]
2023-10-25 14:30:42.286 [info] > git status -z -uall [2ms]
2023-10-25 14:30:47.310 [info] > git config --get commit.template [4ms]
2023-10-25 14:30:47.312 [info] > git for-each-ref --format=%(refname)%00%(upstream:short)%00%(objectname)%00%(upstream:track)%00%(upstream:remotename)%00%(upstream:remoteref) refs/heads/feature/DB-28_DB-29-edgavilan refs/remotes/feature/DB-28_DB-29-edgavilan [2ms]
2023-10-25 14:30:47.319 [info] > git status -z -uall [3ms]
2023-10-25 14:30:52.335 [info] > git config --get commit.template [4ms]
2023-10-25 14:30:52.337 [info] > git for-each-ref --format=%(refname)%00%(upstream:short)%00%(objectname)%00%(upstream:track)%00%(upstream:remotename)%00%(upstream:remoteref) refs/heads/feature/DB-28_DB-29-edgavilan refs/remotes/feature/DB-28_DB-29-edgavilan [2ms]
2023-10-25 14:30:52.342 [info] > git status -z -uall [2ms]
2023-10-25 14:30:57.433 [info] > git config --get commit.template [3ms]
2023-10-25 14:30:57.435 [info] > git for-each-ref --format=%(refname)%00%(upstream:short)%00%(objectname)%00%(upstream:track)%00%(upstream:remotename)%00%(upstream:remoteref) refs/heads/feature/DB-28_DB-29-edgavilan refs/remotes/feature/DB-28_DB-29-edgavilan [1ms]
2023-10-25 14:30:57.440 [info] > git status -z -uall [2ms]
2023-10-25 14:31:02.460 [info] > git config --get commit.template [4ms]
2023-10-25 14:31:02.461 [info] > git for-each-ref --format=%(refname)%00%(upstream:short)%00%(objectname)%00%(upstream:track)%00%(upstream:remotename)%00%(upstream:remoteref) refs/heads/feature/DB-28_DB-29-edgavilan refs/remotes/feature/DB-28_DB-29-edgavilan [1ms]
2023-10-25 14:31:02.466 [info] > git status -z -uall [2ms]
2023-10-25 14:31:07.489 [info] > git config --get commit.template [4ms]
2023-10-25 14:31:07.490 [info] > git for-each-ref --format=%(refname)%00%(upstream:short)%00%(objectname)%00%(upstream:track)%00%(upstream:remotename)%00%(upstream:remoteref) refs/heads/feature/DB-28_DB-29-edgavilan refs/remotes/feature/DB-28_DB-29-edgavilan [1ms]
2023-10-25 14:31:07.495 [info] > git status -z -uall [2ms]
2023-10-25 14:31:12.535 [info] > git config --get commit.template [6ms]
2023-10-25 14:31:12.536 [info] > git for-each-ref --format=%(refname)%00%(upstream:short)%00%(objectname)%00%(upstream:track)%00%(upstream:remotename)%00%(upstream:remoteref) refs/heads/feature/DB-28_DB-29-edgavilan refs/remotes/feature/DB-28_DB-29-edgavilan [1ms]
2023-10-25 14:31:12.543 [info] > git status -z -uall [2ms]
2023-10-25 14:31:17.560 [info] > git config --get commit.template [4ms]
2023-10-25 14:31:17.562 [info] > git for-each-ref --format=%(refname)%00%(upstream:short)%00%(objectname)%00%(upstream:track)%00%(upstream:remotename)%00%(upstream:remoteref) refs/heads/feature/DB-28_DB-29-edgavilan refs/remotes/feature/DB-28_DB-29-edgavilan [3ms]
2023-10-25 14:31:17.568 [info] > git status -z -uall [2ms]
2023-10-25 14:31:22.600 [info] > git config --get commit.template [9ms]
2023-10-25 14:31:22.601 [info] > git for-each-ref --format=%(refname)%00%(upstream:short)%00%(objectname)%00%(upstream:track)%00%(upstream:remotename)%00%(upstream:remoteref) refs/heads/feature/DB-28_DB-29-edgavilan refs/remotes/feature/DB-28_DB-29-edgavilan [4ms]
2023-10-25 14:31:22.606 [info] > git status -z -uall [2ms]
2023-10-25 14:41:41.231 [info] > git config --get commit.template [5ms]
2023-10-25 14:41:41.234 [info] > git for-each-ref --format=%(refname)%00%(upstream:short)%00%(objectname)%00%(upstream:track)%00%(upstream:remotename)%00%(upstream:remoteref) refs/heads/feature/DB-28_DB-29-edgavilan refs/remotes/feature/DB-28_DB-29-edgavilan [4ms]
2023-10-25 14:41:41.249 [info] > git status -z -uall [10ms]
2023-10-25 14:41:46.270 [info] > git config --get commit.template [6ms]
2023-10-25 14:41:46.270 [info] > git for-each-ref --format=%(refname)%00%(upstream:short)%00%(objectname)%00%(upstream:track)%00%(upstream:remotename)%00%(upstream:remoteref) refs/heads/feature/DB-28_DB-29-edgavilan refs/remotes/feature/DB-28_DB-29-edgavilan [2ms]
2023-10-25 14:41:46.276 [info] > git status -z -uall [2ms]
2023-10-25 14:42:16.876 [info] > git config --get commit.template [6ms]
2023-10-25 14:42:16.878 [info] > git for-each-ref --format=%(refname)%00%(upstream:short)%00%(objectname)%00%(upstream:track)%00%(upstream:remotename)%00%(upstream:remoteref) refs/heads/feature/DB-28_DB-29-edgavilan refs/remotes/feature/DB-28_DB-29-edgavilan [2ms]
2023-10-25 14:42:16.883 [info] > git status -z -uall [2ms]
2023-10-25 14:42:25.680 [info] > git config --get commit.template [4ms]
2023-10-25 14:42:25.681 [info] > git for-each-ref --format=%(refname)%00%(upstream:short)%00%(objectname)%00%(upstream:track)%00%(upstream:remotename)%00%(upstream:remoteref) refs/heads/feature/DB-28_DB-29-edgavilan refs/remotes/feature/DB-28_DB-29-edgavilan [2ms]
2023-10-25 14:42:25.686 [info] > git status -z -uall [2ms]
2023-10-25 14:42:30.767 [info] > git config --get commit.template [7ms]
2023-10-25 14:42:30.768 [info] > git for-each-ref --format=%(refname)%00%(upstream:short)%00%(objectname)%00%(upstream:track)%00%(upstream:remotename)%00%(upstream:remoteref) refs/heads/feature/DB-28_DB-29-edgavilan refs/remotes/feature/DB-28_DB-29-edgavilan [2ms]
2023-10-25 14:42:30.773 [info] > git status -z -uall [2ms]
2023-10-25 14:43:04.569 [info] > git config --get commit.template [6ms]
2023-10-25 14:43:04.571 [info] > git for-each-ref --format=%(refname)%00%(upstream:short)%00%(objectname)%00%(upstream:track)%00%(upstream:remotename)%00%(upstream:remoteref) refs/heads/feature/DB-28_DB-29-edgavilan refs/remotes/feature/DB-28_DB-29-edgavilan [2ms]
2023-10-25 14:43:04.577 [info] > git status -z -uall [3ms]
2023-10-25 14:43:14.025 [info] > git config --get commit.template [5ms]
2023-10-25 14:43:14.026 [info] > git for-each-ref --format=%(refname)%00%(upstream:short)%00%(objectname)%00%(upstream:track)%00%(upstream:remotename)%00%(upstream:remoteref) refs/heads/feature/DB-28_DB-29-edgavilan refs/remotes/feature/DB-28_DB-29-edgavilan [2ms]
2023-10-25 14:43:14.032 [info] > git status -z -uall [2ms]
2023-10-25 14:43:35.996 [info] > git config --get commit.template [6ms]
2023-10-25 14:43:35.997 [info] > git for-each-ref --format=%(refname)%00%(upstream:short)%00%(objectname)%00%(upstream:track)%00%(upstream:remotename)%00%(upstream:remoteref) refs/heads/feature/DB-28_DB-29-edgavilan refs/remotes/feature/DB-28_DB-29-edgavilan [2ms]
2023-10-25 14:43:36.002 [info] > git status -z -uall [2ms]
2023-10-25 15:18:16.548 [info] > git check-ignore -v -z --stdin [1ms]
2023-10-25 15:18:17.074 [info] > git show --textconv :agent/src/server/mod.rs [5ms]
2023-10-25 15:18:17.076 [info] > git ls-files --stage -- /home/Luna/programing/work/simulationTool/core/agent/src/server/mod.rs [2ms]
2023-10-25 15:18:17.081 [info] > git cat-file -s 80e9f9cf000604276353efee757ff385e4e9c411 [2ms]
2023-10-25 15:18:27.118 [info] > git check-ignore -v -z --stdin [2ms]
2023-10-25 15:18:28.828 [info] > git check-ignore -v -z --stdin [2ms]
2023-10-25 15:18:30.093 [info] > git show --textconv :server/src/main.rs [5ms]
2023-10-25 15:18:30.094 [info] > git ls-files --stage -- /home/Luna/programing/work/simulationTool/core/server/src/main.rs [2ms]
2023-10-25 15:18:30.099 [info] > git cat-file -s ed4f2756e3e5caffed066a89740b2b17833d10b0 [2ms]
2023-10-25 15:45:02.789 [info] > git show --textconv :manager.py [8ms]
2023-10-25 15:45:02.839 [info] > git ls-files --stage -- /home/Luna/programing/work/simulationTool/core/manager.py [51ms]
2023-10-25 15:46:43.672 [info] > git check-ignore -v -z --stdin [2ms]
2023-10-25 15:46:46.280 [info] > git show --textconv :server/src/manager.rs [5ms]
2023-10-25 15:46:46.281 [info] > git ls-files --stage -- /home/Luna/programing/work/simulationTool/core/server/src/manager.rs [3ms]
2023-10-25 15:46:46.288 [info] > git cat-file -s b801ea159dbf8b79516dcedb4bfc2935ed2482e2 [2ms]
2023-10-25 15:46:52.359 [info] > git show --textconv :server/src/main.rs [5ms]
2023-10-25 15:46:52.360 [info] > git ls-files --stage -- /home/Luna/programing/work/simulationTool/core/server/src/main.rs [2ms]
2023-10-25 15:46:52.364 [info] > git cat-file -s ed4f2756e3e5caffed066a89740b2b17833d10b0 [1ms]
2023-10-25 15:46:54.811 [info] > git show --textconv :server/src/state.rs [5ms]
2023-10-25 15:46:54.812 [info] > git ls-files --stage -- /home/Luna/programing/work/simulationTool/core/server/src/state.rs [1ms]
2023-10-25 15:46:54.817 [info] > git cat-file -s 5b92969df52cbf70e656a66866ca31f51278f920 [2ms]
2023-10-25 15:46:57.808 [info] > git check-ignore -v -z --stdin [2ms]
2023-10-25 15:46:59.769 [info] > git show --textconv :server/src/orchestrator/mod.rs [5ms]
2023-10-25 15:46:59.771 [info] > git ls-files --stage -- /home/Luna/programing/work/simulationTool/core/server/src/orchestrator/mod.rs [2ms]
2023-10-25 15:46:59.776 [info] > git cat-file -s 4dfe6b3067cb82ed4d332e5aaa6e3ddf58da01ce [1ms]
2023-10-25 15:47:00.474 [info] > git show --textconv :server/src/orchestrator/orchestrator.rs [5ms]
2023-10-25 15:47:00.475 [info] > git ls-files --stage -- /home/Luna/programing/work/simulationTool/core/server/src/orchestrator/orchestrator.rs [2ms]
2023-10-25 15:47:00.485 [info] > git cat-file -s ea42652b28f7b9e352047e7ec2420d8948a08671 [6ms]
2023-10-25 15:47:01.214 [info] > git show --textconv :server/src/orchestrator/authmanager.rs [4ms]
2023-10-25 15:47:01.216 [info] > git ls-files --stage -- /home/Luna/programing/work/simulationTool/core/server/src/orchestrator/authmanager.rs [2ms]
2023-10-25 15:47:01.221 [info] > git cat-file -s 9d39f17f01a02906f5f299e1cf8492c0c907f8f0 [1ms]
2023-10-25 15:47:02.388 [info] > git show --textconv :server/src/database/models.rs [4ms]
2023-10-25 15:47:02.390 [info] > git ls-files --stage -- /home/Luna/programing/work/simulationTool/core/server/src/database/models.rs [2ms]
2023-10-25 15:47:02.396 [info] > git cat-file -s 2794829daab1f4d9451581376545c975f7694da5 [1ms]
2023-10-25 15:47:03.585 [info] > git show --textconv :server/src/database/schema.rs [5ms]
2023-10-25 15:47:03.586 [info] > git ls-files --stage -- /home/Luna/programing/work/simulationTool/core/server/src/database/schema.rs [2ms]
2023-10-25 15:47:03.592 [info] > git cat-file -s 2b6db7f832df831346b57709c38a8e22e81cbe15 [3ms]
2023-10-25 15:47:06.231 [info] > git show --textconv :server/src/database/mod.rs [6ms]
2023-10-25 15:47:06.242 [info] > git ls-files --stage -- /home/Luna/programing/work/simulationTool/core/server/src/database/mod.rs [11ms]
2023-10-25 15:47:06.251 [info] > git cat-file -s f3c805459b0497da758cd14c3d503587589c5067 [2ms]
2023-10-25 15:47:07.118 [info] > git show --textconv :server/src/database/models.rs [12ms]
2023-10-25 15:47:07.118 [info] > git ls-files --stage -- /home/Luna/programing/work/simulationTool/core/server/src/database/models.rs [2ms]
2023-10-25 15:47:07.127 [info] > git cat-file -s 2794829daab1f4d9451581376545c975f7694da5 [4ms]
2023-10-25 15:47:09.222 [info] > git show --textconv :server/src/manager.rs [5ms]
2023-10-25 15:47:09.223 [info] > git ls-files --stage -- /home/Luna/programing/work/simulationTool/core/server/src/manager.rs [1ms]
2023-10-25 15:47:09.231 [info] > git cat-file -s b801ea159dbf8b79516dcedb4bfc2935ed2482e2 [1ms]
2023-10-25 15:47:11.190 [info] > git show --textconv :server/src/database/mod.rs [9ms]
2023-10-25 15:47:11.204 [info] > git ls-files --stage -- /home/Luna/programing/work/simulationTool/core/server/src/database/mod.rs [17ms]
2023-10-25 15:47:11.215 [info] > git cat-file -s f3c805459b0497da758cd14c3d503587589c5067 [3ms]
2023-10-25 16:10:41.111 [info] > git show --textconv :server/src/database/models.rs [5ms]
2023-10-25 16:10:41.112 [info] > git ls-files --stage -- /home/Luna/programing/work/simulationTool/core/server/src/database/models.rs [2ms]
2023-10-25 16:10:41.119 [info] > git cat-file -s 2794829daab1f4d9451581376545c975f7694da5 [2ms]
2023-10-25 16:11:07.670 [info] > git config --get commit.template [8ms]
2023-10-25 16:11:07.673 [info] > git for-each-ref --format=%(refname)%00%(upstream:short)%00%(objectname)%00%(upstream:track)%00%(upstream:remotename)%00%(upstream:remoteref) refs/heads/feature/DB-28_DB-29-edgavilan refs/remotes/feature/DB-28_DB-29-edgavilan [6ms]
2023-10-25 16:11:07.680 [info] > git status -z -uall [2ms]
2023-10-25 16:11:12.957 [info] > git show --textconv :server/src/database/schema.rs [4ms]
2023-10-25 16:11:12.958 [info] > git ls-files --stage -- /home/Luna/programing/work/simulationTool/core/server/src/database/schema.rs [1ms]
2023-10-25 16:11:12.963 [info] > git cat-file -s 2b6db7f832df831346b57709c38a8e22e81cbe15 [1ms]
2023-10-25 16:11:40.511 [info] > git config --get commit.template [6ms]
2023-10-25 16:11:40.512 [info] > git for-each-ref --format=%(refname)%00%(upstream:short)%00%(objectname)%00%(upstream:track)%00%(upstream:remotename)%00%(upstream:remoteref) refs/heads/feature/DB-28_DB-29-edgavilan refs/remotes/feature/DB-28_DB-29-edgavilan [2ms]
2023-10-25 16:11:40.522 [info] > git status -z -uall [3ms]
2023-10-25 16:11:49.745 [info] > git show --textconv :server/src/orchestrator/authmanager.rs [6ms]
2023-10-25 16:11:49.747 [info] > git ls-files --stage -- /home/Luna/programing/work/simulationTool/core/server/src/orchestrator/authmanager.rs [2ms]
2023-10-25 16:11:49.753 [info] > git cat-file -s 9d39f17f01a02906f5f299e1cf8492c0c907f8f0 [2ms]
2023-10-25 16:11:50.512 [info] > git show --textconv :server/src/orchestrator/mod.rs [14ms]
2023-10-25 16:11:50.514 [info] > git ls-files --stage -- /home/Luna/programing/work/simulationTool/core/server/src/orchestrator/mod.rs [2ms]
2023-10-25 16:11:50.523 [info] > git cat-file -s 4dfe6b3067cb82ed4d332e5aaa6e3ddf58da01ce [1ms]
2023-10-25 16:11:51.641 [info] > git show --textconv :server/src/orchestrator/orchestrator.rs [4ms]
2023-10-25 16:11:51.643 [info] > git ls-files --stage -- /home/Luna/programing/work/simulationTool/core/server/src/orchestrator/orchestrator.rs [2ms]
2023-10-25 16:11:51.651 [info] > git cat-file -s ea42652b28f7b9e352047e7ec2420d8948a08671 [2ms]
2023-10-25 16:11:52.719 [info] > git show --textconv :server/src/orchestrator/mod.rs [5ms]
2023-10-25 16:11:52.720 [info] > git ls-files --stage -- /home/Luna/programing/work/simulationTool/core/server/src/orchestrator/mod.rs [1ms]
2023-10-25 16:11:52.725 [info] > git cat-file -s 4dfe6b3067cb82ed4d332e5aaa6e3ddf58da01ce [2ms]
2023-10-25 16:11:53.473 [info] > git show --textconv :server/src/orchestrator/orchestrator.rs [6ms]
2023-10-25 16:11:53.474 [info] > git ls-files --stage -- /home/Luna/programing/work/simulationTool/core/server/src/orchestrator/orchestrator.rs [1ms]
2023-10-25 16:11:53.480 [info] > git cat-file -s ea42652b28f7b9e352047e7ec2420d8948a08671 [2ms]
2023-10-25 16:11:54.141 [info] > git show --textconv :server/src/orchestrator/mod.rs [5ms]
2023-10-25 16:11:54.143 [info] > git ls-files --stage -- /home/Luna/programing/work/simulationTool/core/server/src/orchestrator/mod.rs [2ms]
2023-10-25 16:11:54.150 [info] > git cat-file -s 4dfe6b3067cb82ed4d332e5aaa6e3ddf58da01ce [2ms]
2023-10-25 16:11:59.936 [info] > git show --textconv :server/src/main.rs [7ms]
2023-10-25 16:11:59.937 [info] > git ls-files --stage -- /home/Luna/programing/work/simulationTool/core/server/src/main.rs [1ms]
2023-10-25 16:11:59.944 [info] > git cat-file -s ed4f2756e3e5caffed066a89740b2b17833d10b0 [1ms]
2023-10-25 16:12:06.362 [info] > git show --textconv :server/src/state.rs [5ms]
2023-10-25 16:12:06.364 [info] > git ls-files --stage -- /home/Luna/programing/work/simulationTool/core/server/src/state.rs [2ms]
2023-10-25 16:12:06.372 [info] > git cat-file -s 5b92969df52cbf70e656a66866ca31f51278f920 [4ms]
2023-10-25 16:12:09.464 [info] > git show --textconv :server/src/manager.rs [5ms]
2023-10-25 16:12:09.466 [info] > git ls-files --stage -- /home/Luna/programing/work/simulationTool/core/server/src/manager.rs [3ms]
2023-10-25 16:12:09.472 [info] > git cat-file -s b801ea159dbf8b79516dcedb4bfc2935ed2482e2 [2ms]
2023-10-25 16:14:29.145 [info] > git config --get commit.template [5ms]
2023-10-25 16:14:29.146 [info] > git for-each-ref --format=%(refname)%00%(upstream:short)%00%(objectname)%00%(upstream:track)%00%(upstream:remotename)%00%(upstream:remoteref) refs/heads/feature/DB-28_DB-29-edgavilan refs/remotes/feature/DB-28_DB-29-edgavilan [2ms]
2023-10-25 16:14:29.153 [info] > git status -z -uall [2ms]
2023-10-25 16:15:13.816 [info] > git config --get commit.template [8ms]
2023-10-25 16:15:13.817 [info] > git for-each-ref --format=%(refname)%00%(upstream:short)%00%(objectname)%00%(upstream:track)%00%(upstream:remotename)%00%(upstream:remoteref) refs/heads/feature/DB-28_DB-29-edgavilan refs/remotes/feature/DB-28_DB-29-edgavilan [2ms]
2023-10-25 16:15:13.824 [info] > git status -z -uall [2ms]
2023-10-25 16:15:23.254 [info] > git config --get commit.template [4ms]
2023-10-25 16:15:23.255 [info] > git for-each-ref --format=%(refname)%00%(upstream:short)%00%(objectname)%00%(upstream:track)%00%(upstream:remotename)%00%(upstream:remoteref) refs/heads/feature/DB-28_DB-29-edgavilan refs/remotes/feature/DB-28_DB-29-edgavilan [2ms]
2023-10-25 16:15:23.262 [info] > git status -z -uall [3ms]
