2023-10-25 14:17:52.286 [info] Configuration changed
2023-10-25 14:17:52.634 [info] Configuration changed
2023-10-25 14:20:19.330 [info] Active editor: file:///home/Luna/programing/work/simulationTool/core/agent/src/process.rs
2023-10-25 14:20:30.379 [info] /home/Luna/.config/Code - OSS/User/settings.json closed
2023-10-25 14:20:30.386 [info] Configuration changed
2023-10-25 14:20:31.130 [info] Active editor: file:///home/Luna/programing/work/simulationTool/core/agent/src/process.rs
2023-10-25 14:22:22.376 [info] Active editor: file:///home/Luna/programing/work/simulationTool/core/agent/src/main.rs
2023-10-25 14:22:25.236 [info] Active editor: file:///home/Luna/programing/work/simulationTool/core/agent/src/process.rs
2023-10-25 14:22:26.126 [info] Active editor: file:///home/Luna/programing/work/simulationTool/core/agent/src/main.rs
2023-10-25 14:23:00.342 [info] Active editor: file:///home/Luna/programing/work/simulationTool/core/agent/src/process.rs
2023-10-25 14:23:50.730 [info] Executing :w
2023-10-25 14:23:51.689 [info] Executing :w
2023-10-25 14:25:13.911 [info] Executing :w
2023-10-25 14:38:20.256 [info] /home/Luna/.config/Code - OSS/User/settings.json closed
2023-10-25 14:38:20.275 [info] Configuration changed
2023-10-25 14:38:50.368 [info] /home/Luna/.rustup/toolchains/stable-x86_64-unknown-linux-gnu/lib/rustlib/src/rust/library/core/src/time.rs closed
2023-10-25 14:38:55.322 [info] /home/Luna/.rustup/toolchains/stable-x86_64-unknown-linux-gnu/lib/rustlib/src/rust/library/core/src/option.rs closed
2023-10-25 14:39:43.986 [info] /home/Luna/.rustup/toolchains/stable-x86_64-unknown-linux-gnu/lib/rustlib/src/rust/library/std/src/process.rs closed
2023-10-25 14:41:19.995 [info] Executing :w
2023-10-25 14:42:12.343 [info] Executing :w
2023-10-25 14:42:24.111 [info] Executing :w
2023-10-25 14:42:25.569 [info] Executing :w
2023-10-25 14:43:02.992 [info] Executing :w
2023-10-25 14:43:12.136 [info] Executing :w
2023-10-25 14:43:12.804 [info] Executing :w
2023-10-25 14:43:34.435 [info] Executing :w
2023-10-25 14:55:58.544 [info] /home/Luna/.rustup/toolchains/stable-x86_64-unknown-linux-gnu/lib/rustlib/src/rust/library/std/src/process.rs closed
2023-10-25 14:55:58.913 [info] /home/Luna/.rustup/toolchains/stable-x86_64-unknown-linux-gnu/lib/rustlib/src/rust/library/alloc/src/string.rs closed
2023-10-25 15:17:09.625 [info] /home/Luna/.rustup/toolchains/stable-x86_64-unknown-linux-gnu/lib/rustlib/src/rust/library/std/src/process.rs closed
2023-10-25 15:18:16.743 [info] /home/Luna/programing/work/simulationTool/core/agent/src/main.rs closed
2023-10-25 15:18:16.743 [info] /home/Luna/programing/work/simulationTool/core/agent/src/main.rs.git closed
2023-10-25 15:18:16.785 [info] Active editor: file:///home/Luna/programing/work/simulationTool/core/agent/src/server/mod.rs
2023-10-25 15:18:29.859 [info] /home/Luna/programing/work/simulationTool/core/agent/src/server/mod.rs closed
2023-10-25 15:18:29.859 [info] /home/Luna/programing/work/simulationTool/core/agent/src/server/mod.rs.git closed
2023-10-25 15:18:29.871 [info] Active editor: file:///home/Luna/programing/work/simulationTool/core/server/src/main.rs
2023-10-25 15:45:02.352 [info] /home/Luna/programing/work/simulationTool/core/server/src/main.rs closed
2023-10-25 15:45:02.352 [info] /home/Luna/programing/work/simulationTool/core/server/src/main.rs.git closed
2023-10-25 15:45:02.374 [info] Active editor: file:///home/Luna/programing/work/simulationTool/core/manager.py
2023-10-25 15:46:46.049 [info] /home/Luna/programing/work/simulationTool/core/manager.py closed
2023-10-25 15:46:46.051 [info] /home/Luna/programing/work/simulationTool/core/manager.py.git closed
2023-10-25 15:46:46.061 [info] Active editor: file:///home/Luna/programing/work/simulationTool/core/server/src/manager.rs
2023-10-25 15:46:52.118 [info] /home/Luna/programing/work/simulationTool/core/server/src/manager.rs closed
2023-10-25 15:46:52.119 [info] /home/Luna/programing/work/simulationTool/core/server/src/manager.rs.git closed
2023-10-25 15:46:52.132 [info] Active editor: file:///home/Luna/programing/work/simulationTool/core/server/src/main.rs
2023-10-25 15:46:54.498 [info] /home/Luna/programing/work/simulationTool/core/server/src/main.rs closed
2023-10-25 15:46:54.499 [info] /home/Luna/programing/work/simulationTool/core/server/src/main.rs.git closed
2023-10-25 15:46:54.514 [info] Active editor: file:///home/Luna/programing/work/simulationTool/core/server/src/state.rs
2023-10-25 15:46:59.536 [info] /home/Luna/programing/work/simulationTool/core/server/src/state.rs closed
2023-10-25 15:46:59.537 [info] /home/Luna/programing/work/simulationTool/core/server/src/state.rs.git closed
2023-10-25 15:46:59.550 [info] Active editor: file:///home/Luna/programing/work/simulationTool/core/server/src/orchestrator/mod.rs
2023-10-25 15:47:00.249 [info] /home/Luna/programing/work/simulationTool/core/server/src/orchestrator/mod.rs closed
2023-10-25 15:47:00.249 [info] /home/Luna/programing/work/simulationTool/core/server/src/orchestrator/mod.rs.git closed
2023-10-25 15:47:00.258 [info] Active editor: file:///home/Luna/programing/work/simulationTool/core/server/src/orchestrator/orchestrator.rs
2023-10-25 15:47:00.971 [info] /home/Luna/programing/work/simulationTool/core/server/src/orchestrator/orchestrator.rs closed
2023-10-25 15:47:00.971 [info] /home/Luna/programing/work/simulationTool/core/server/src/orchestrator/orchestrator.rs.git closed
2023-10-25 15:47:00.986 [info] Active editor: file:///home/Luna/programing/work/simulationTool/core/server/src/orchestrator/authmanager.rs
2023-10-25 15:47:02.155 [info] /home/Luna/programing/work/simulationTool/core/server/src/orchestrator/authmanager.rs closed
2023-10-25 15:47:02.156 [info] /home/Luna/programing/work/simulationTool/core/server/src/orchestrator/authmanager.rs.git closed
2023-10-25 15:47:02.171 [info] Active editor: file:///home/Luna/programing/work/simulationTool/core/server/src/database/models.rs
2023-10-25 15:47:03.356 [info] /home/Luna/programing/work/simulationTool/core/server/src/database/models.rs closed
2023-10-25 15:47:03.357 [info] /home/Luna/programing/work/simulationTool/core/server/src/database/models.rs.git closed
2023-10-25 15:47:03.366 [info] Active editor: file:///home/Luna/programing/work/simulationTool/core/server/src/database/schema.rs
2023-10-25 15:47:06.001 [info] /home/Luna/programing/work/simulationTool/core/server/src/database/schema.rs closed
2023-10-25 15:47:06.002 [info] /home/Luna/programing/work/simulationTool/core/server/src/database/schema.rs.git closed
2023-10-25 15:47:06.014 [info] Active editor: file:///home/Luna/programing/work/simulationTool/core/server/src/database/mod.rs
2023-10-25 15:47:06.877 [info] /home/Luna/programing/work/simulationTool/core/server/src/database/mod.rs closed
2023-10-25 15:47:06.878 [info] /home/Luna/programing/work/simulationTool/core/server/src/database/mod.rs.git closed
2023-10-25 15:47:06.891 [info] Active editor: file:///home/Luna/programing/work/simulationTool/core/server/src/database/models.rs
2023-10-25 15:47:08.969 [info] /home/Luna/programing/work/simulationTool/core/server/src/database/models.rs closed
2023-10-25 15:47:08.969 [info] /home/Luna/programing/work/simulationTool/core/server/src/database/models.rs.git closed
2023-10-25 15:47:09.003 [info] Active editor: file:///home/Luna/programing/work/simulationTool/core/server/src/manager.rs
2023-10-25 15:47:10.950 [info] /home/Luna/programing/work/simulationTool/core/server/src/manager.rs closed
2023-10-25 15:47:10.951 [info] /home/Luna/programing/work/simulationTool/core/server/src/manager.rs.git closed
2023-10-25 15:47:10.968 [info] Active editor: file:///home/Luna/programing/work/simulationTool/core/server/src/database/mod.rs
2023-10-25 16:01:47.274 [info] /home/Luna/.cargo/registry/src/index.crates.io-6f17d22bba15001f/diesel-2.1.3/src/sqlite/connection/mod.rs closed
2023-10-25 16:09:55.684 [info] /home/Luna/.cargo/registry/src/index.crates.io-6f17d22bba15001f/diesel-2.1.3/src/sqlite/connection/mod.rs closed
2023-10-25 16:10:08.732 [info] /home/Luna/.cargo/registry/src/index.crates.io-6f17d22bba15001f/diesel-2.1.3/src/sqlite/connection/mod.rs closed
2023-10-25 16:10:40.865 [info] /home/Luna/programing/work/simulationTool/core/server/src/database/mod.rs closed
2023-10-25 16:10:40.866 [info] /home/Luna/programing/work/simulationTool/core/server/src/database/mod.rs.git closed
2023-10-25 16:10:40.885 [info] Active editor: file:///home/Luna/programing/work/simulationTool/core/server/src/database/models.rs
2023-10-25 16:11:06.103 [info] Executing :w
2023-10-25 16:11:12.736 [info] Active editor: file:///home/Luna/programing/work/simulationTool/core/server/src/database/schema.rs
2023-10-25 16:11:38.940 [info] Executing :w
2023-10-25 16:11:45.026 [info] Active editor: file:///home/Luna/programing/work/simulationTool/core/server/src/database/models.rs
2023-10-25 16:11:49.518 [info] Active editor: file:///home/Luna/programing/work/simulationTool/core/server/src/orchestrator/authmanager.rs
2023-10-25 16:11:50.273 [info] /home/Luna/programing/work/simulationTool/core/server/src/orchestrator/authmanager.rs closed
2023-10-25 16:11:50.274 [info] /home/Luna/programing/work/simulationTool/core/server/src/orchestrator/authmanager.rs.git closed
2023-10-25 16:11:50.286 [info] Active editor: file:///home/Luna/programing/work/simulationTool/core/server/src/orchestrator/mod.rs
2023-10-25 16:11:51.418 [info] /home/Luna/programing/work/simulationTool/core/server/src/orchestrator/mod.rs closed
2023-10-25 16:11:51.418 [info] /home/Luna/programing/work/simulationTool/core/server/src/orchestrator/mod.rs.git closed
2023-10-25 16:11:51.426 [info] Active editor: file:///home/Luna/programing/work/simulationTool/core/server/src/orchestrator/orchestrator.rs
2023-10-25 16:11:52.492 [info] /home/Luna/programing/work/simulationTool/core/server/src/orchestrator/orchestrator.rs closed
2023-10-25 16:11:52.492 [info] /home/Luna/programing/work/simulationTool/core/server/src/orchestrator/orchestrator.rs.git closed
2023-10-25 16:11:52.506 [info] Active editor: file:///home/Luna/programing/work/simulationTool/core/server/src/orchestrator/mod.rs
2023-10-25 16:11:53.226 [info] /home/Luna/programing/work/simulationTool/core/server/src/orchestrator/mod.rs closed
2023-10-25 16:11:53.226 [info] /home/Luna/programing/work/simulationTool/core/server/src/orchestrator/mod.rs.git closed
2023-10-25 16:11:53.246 [info] Active editor: file:///home/Luna/programing/work/simulationTool/core/server/src/orchestrator/orchestrator.rs
2023-10-25 16:11:53.914 [info] /home/Luna/programing/work/simulationTool/core/server/src/orchestrator/orchestrator.rs closed
2023-10-25 16:11:53.914 [info] /home/Luna/programing/work/simulationTool/core/server/src/orchestrator/orchestrator.rs.git closed
2023-10-25 16:11:53.924 [info] Active editor: file:///home/Luna/programing/work/simulationTool/core/server/src/orchestrator/mod.rs
2023-10-25 16:11:59.690 [info] /home/Luna/programing/work/simulationTool/core/server/src/orchestrator/mod.rs closed
2023-10-25 16:11:59.691 [info] /home/Luna/programing/work/simulationTool/core/server/src/orchestrator/mod.rs.git closed
2023-10-25 16:11:59.716 [info] Active editor: file:///home/Luna/programing/work/simulationTool/core/server/src/main.rs
2023-10-25 16:12:06.084 [info] /home/Luna/programing/work/simulationTool/core/server/src/main.rs closed
2023-10-25 16:12:06.084 [info] /home/Luna/programing/work/simulationTool/core/server/src/main.rs.git closed
2023-10-25 16:12:06.097 [info] Active editor: file:///home/Luna/programing/work/simulationTool/core/server/src/state.rs
2023-10-25 16:12:09.223 [info] /home/Luna/programing/work/simulationTool/core/server/src/state.rs closed
2023-10-25 16:12:09.223 [info] /home/Luna/programing/work/simulationTool/core/server/src/state.rs.git closed
2023-10-25 16:12:09.240 [info] Active editor: file:///home/Luna/programing/work/simulationTool/core/server/src/manager.rs
2023-10-25 16:14:27.560 [info] Executing :w
2023-10-25 16:15:12.232 [info] Executing :wq
2023-10-25 16:15:12.274 [info] /home/Luna/programing/work/simulationTool/core/server/src/manager.rs closed
2023-10-25 16:15:12.277 [info] /home/Luna/programing/work/simulationTool/core/server/src/manager.rs.git closed
2023-10-25 16:15:12.277 [warning] getLineLength() called with out-of-bounds line 61
2023-10-25 16:15:12.277 [warning] getLineLength() called with out-of-bounds line 61
2023-10-25 16:15:12.279 [info] Active editor: file:///home/Luna/programing/work/simulationTool/core/server/src/database/models.rs
2023-10-25 16:15:14.034 [info] Executing :wq
2023-10-25 16:15:14.075 [info] /home/Luna/programing/work/simulationTool/core/server/src/database/models.rs closed
2023-10-25 16:15:14.075 [info] /home/Luna/programing/work/simulationTool/core/server/src/database/models.rs.git closed
2023-10-25 16:15:14.075 [warning] getLineLength() called with out-of-bounds line 29
2023-10-25 16:15:14.075 [warning] getLineLength() called with out-of-bounds line 29
2023-10-25 16:15:14.079 [info] Active editor: file:///home/Luna/programing/work/simulationTool/core/server/src/database/schema.rs
2023-10-25 16:15:14.798 [info] Executing :wq
2023-10-25 16:15:14.815 [info] /home/Luna/programing/work/simulationTool/core/server/src/database/schema.rs closed
2023-10-25 16:15:14.816 [info] /home/Luna/programing/work/simulationTool/core/server/src/database/schema.rs.git closed
2023-10-25 16:15:14.816 [warning] getLineLength() called with out-of-bounds line 14
2023-10-25 16:15:14.816 [warning] getLineLength() called with out-of-bounds line 14
2023-10-25 16:15:14.819 [info] Active editor: file:///home/Luna/programing/work/simulationTool/core/agent/src/process.rs
2023-10-25 16:15:21.632 [info] Executing :wq
2023-10-25 16:15:21.679 [info] /home/Luna/programing/work/simulationTool/core/agent/src/process.rs closed
2023-10-25 16:15:21.680 [info] /home/Luna/programing/work/simulationTool/core/agent/src/process.rs.git closed
2023-10-25 16:15:21.680 [warning] getLineLength() called with out-of-bounds line 61
2023-10-25 16:15:21.680 [warning] invalid cursor position. [[61, 111] | [61, 111]].
