2023-10-02 06:25:47.572 [info] Added views:workbench.panel.markers.view in workbench.panel.markers
2023-10-02 06:25:47.572 [info] Added views:workbench.panel.output in workbench.panel.output
2023-10-02 06:25:47.572 [info] Added views:terminal in terminal
2023-10-02 06:25:47.572 [info] Added views:outline in workbench.view.explorer
2023-10-02 06:25:47.572 [info] Added views:workbench.scm in workbench.view.scm
2023-10-02 06:25:47.572 [info] Added views:workbench.view.search in workbench.view.search
2023-10-02 06:25:47.572 [info] Added views:timeline in workbench.view.explorer
2023-10-02 06:25:47.572 [info] Added views:workbench.explorer.fileView in workbench.view.explorer
2023-10-02 06:25:47.728 [info] Added views:workbench.debug.welcome in workbench.view.debug
2023-10-02 06:25:48.054 [info] Added views:~remote.forwardedPorts in ~remote.forwardedPortsContainer
2023-10-02 06:25:48.366 [info] Added views:workbench.panel.repl.view in workbench.panel.repl
2023-10-02 06:27:18.206 [info] Added views:workbench.views.extensions.installed,workbench.views.extensions.popular,extensions.recommendedList in workbench.view.extensions
2023-10-02 06:27:18.206 [info] Removed views:workbench.views.extensions.popular from workbench.view.extensions
2023-10-02 06:27:20.637 [info] Removed views:extensions.recommendedList,workbench.views.extensions.installed from workbench.view.extensions
2023-10-02 06:27:20.649 [info] Added views:workbench.views.extensions.marketplace in workbench.view.extensions
2023-10-02 06:27:24.621 [info] Removed views:workbench.views.extensions.marketplace from workbench.view.extensions
2023-10-02 06:27:24.632 [info] Added views:workbench.views.extensions.installed,extensions.recommendedList in workbench.view.extensions
2023-10-02 06:27:25.984 [info] Removed views:extensions.recommendedList,workbench.views.extensions.installed from workbench.view.extensions
2023-10-02 06:27:25.992 [info] Added views:workbench.views.extensions.marketplace in workbench.view.extensions
2023-10-02 06:27:43.706 [info] Added views:workbench.panel.markers.view in workbench.panel.markers
2023-10-02 06:27:43.706 [info] Added views:workbench.panel.output in workbench.panel.output
2023-10-02 06:27:43.706 [info] Added views:terminal in terminal
2023-10-02 06:27:43.706 [info] Added views:outline in workbench.view.explorer
2023-10-02 06:27:43.706 [info] Added views:workbench.scm in workbench.view.scm
2023-10-02 06:27:43.706 [info] Added views:workbench.view.search in workbench.view.search
2023-10-02 06:27:43.706 [info] Added views:timeline in workbench.view.explorer
2023-10-02 06:27:43.706 [info] Added views:workbench.explorer.fileView in workbench.view.explorer
2023-10-02 06:27:44.237 [info] Added views:workbench.debug.welcome in workbench.view.debug
2023-10-02 06:27:44.296 [info] Added views:workbench.panel.repl.view in workbench.panel.repl
2023-10-02 06:27:44.356 [info] Added views:~remote.forwardedPorts in ~remote.forwardedPortsContainer
2023-10-02 06:27:44.657 [info] Added views:workbench.views.extensions.installed,extensions.recommendedList in workbench.view.extensions
