2023-10-04 03:31:57.969 [info] Active editor: file:///home/Luna/programing/work/AclTests/src/main.rs
2023-10-04 03:34:59.098 [info] Configuration changed
2023-10-04 03:34:59.242 [info] Configuration changed
2023-10-04 03:34:59.384 [info] Active editor: file:///home/Luna/programing/work/acl_tests/src/main.rs
2023-10-04 03:35:48.602 [info] /home/Luna/programing/work/acl_tests/src/main.rs closed
2023-10-04 03:36:09.455 [info] Active editor: file:///home/Luna/programing/work/acl_tests/src/main.rs
2023-10-04 04:09:06.807 [info] /home/Luna/.config/Code - OSS/User/settings.json closed
2023-10-04 04:09:06.820 [info] Configuration changed
2023-10-04 04:09:07.315 [info] Active editor: file:///home/Luna/programing/work/acl_tests/src/main.rs
2023-10-04 04:09:12.020 [info] Active editor: file:///home/Luna/programing/work/acl_tests/src/main.rs
2023-10-04 04:09:12.150 [info] /home/Luna/.config/Code - OSS/User/settings.json closed
2023-10-04 04:09:12.183 [info] Configuration changed
2023-10-04 04:09:42.350 [info] /home/Luna/.config/Code - OSS/User/settings.json closed
2023-10-04 04:09:42.364 [info] Configuration changed
2023-10-04 04:09:44.311 [info] Active editor: file:///home/Luna/programing/work/acl_tests/src/main.rs
2023-10-04 04:09:55.774 [info] /home/Luna/.config/Code - OSS/User/settings.json closed
2023-10-04 04:09:55.800 [info] Configuration changed
2023-10-04 04:09:57.942 [info] /home/Luna/.config/Code - OSS/User/settings.json closed
2023-10-04 04:09:57.957 [info] Configuration changed
2023-10-04 04:10:00.333 [info] Active editor: file:///home/Luna/programing/work/acl_tests/src/main.rs
2023-10-04 04:10:25.458 [info] Active editor: file:///home/Luna/programing/work/acl_tests/src/main.rs
2023-10-04 04:11:19.261 [info] /home/Luna/.config/Code - OSS/User/settings.json closed
2023-10-04 04:11:19.272 [info] Configuration changed
2023-10-04 04:11:19.901 [info] Active editor: file:///home/Luna/programing/work/acl_tests/src/main.rs
2023-10-04 04:30:04.957 [info] /home/Luna/programing/work/acl_tests/src/main.rs closed
2023-10-04 04:30:06.727 [info] Active editor: file:///home/Luna/programing/work/acl_tests/src/main.rs
2023-10-04 04:31:26.869 [info] /home/Luna/programing/work/acl_tests/src/main.rs closed
2023-10-04 04:31:28.198 [info] Active editor: file:///home/Luna/programing/work/acl_tests/src/main.rs
2023-10-04 04:40:34.671 [info] Executing :w
