2023-10-02 06:25:49.186 [info] Log level: Info
2023-10-02 06:25:49.186 [info] Validating found git in: "git"
2023-10-02 06:25:49.186 [info] Using git "2.42.0" from "git"
2023-10-02 06:25:49.186 [info] > git rev-parse --show-toplevel [4ms]
2023-10-02 06:25:49.186 [info] fatal: not a git repository (or any of the parent directories): .git
2023-10-02 06:27:32.816 [info] > git rev-parse --show-toplevel [10ms]
2023-10-02 06:27:32.816 [info] fatal: not a git repository (or any of the parent directories): .git
2023-10-02 06:27:33.020 [info] > git rev-parse --show-toplevel [3ms]
2023-10-02 06:27:33.020 [info] fatal: not a git repository (or any of the parent directories): .git
2023-10-02 06:27:33.160 [info] > git rev-parse --show-toplevel [5ms]
2023-10-02 06:27:33.160 [info] fatal: not a git repository (or any of the parent directories): .git
2023-10-02 06:27:44.564 [info] Log level: Info
2023-10-02 06:27:44.564 [info] Validating found git in: "git"
2023-10-02 06:27:44.564 [info] Using git "2.42.0" from "git"
2023-10-02 06:27:44.592 [info] > git rev-parse --show-toplevel [15ms]
2023-10-02 06:27:44.592 [info] fatal: not a git repository (or any of the parent directories): .git
2023-10-02 06:27:44.620 [info] > git rev-parse --show-toplevel [7ms]
2023-10-02 06:27:44.620 [info] fatal: not a git repository (or any of the parent directories): .git
2023-10-02 06:27:44.839 [info] > git rev-parse --show-toplevel [3ms]
2023-10-02 06:27:44.839 [info] fatal: not a git repository (or any of the parent directories): .git
