2023-10-02 06:25:48.241 [info] Extension host with pid 2767 started
2023-10-02 06:25:48.241 [info] Skipping acquiring lock for /home/Luna/.config/Code - OSS/User/workspaceStorage/e3f406d0c8389435070494721a09a8f8.
2023-10-02 06:25:48.372 [info] ExtensionService#_doActivateExtension vscode.git-base, startup: true, activationEvent: '*', root cause: vscode.git
2023-10-02 06:25:48.399 [info] ExtensionService#_doActivateExtension vscodevim.vim, startup: true, activationEvent: '*'
2023-10-02 06:25:48.678 [info] ExtensionService#_doActivateExtension vscode.git, startup: true, activationEvent: '*'
2023-10-02 06:25:48.813 [info] ExtensionService#_doActivateExtension vscode.github, startup: true, activationEvent: '*'
2023-10-02 06:25:48.920 [info] Eager extensions activated
2023-10-02 06:25:48.936 [info] ExtensionService#_doActivateExtension vscode.debug-auto-launch, startup: false, activationEvent: 'onStartupFinished'
2023-10-02 06:25:48.944 [info] ExtensionService#_doActivateExtension vscode.merge-conflict, startup: false, activationEvent: 'onStartupFinished'
2023-10-02 06:25:48.963 [info] ExtensionService#_doActivateExtension formulahendry.code-runner, startup: false, activationEvent: 'onStartupFinished'
2023-10-02 06:25:49.605 [error] Error: ENOENT: no such file or directory, open '/home/Luna/.config/Code - OSS/User/globalStorage/vscodevim.vim/.registers'
2023-10-02 06:27:18.278 [info] ExtensionService#_doActivateExtension vscode.emmet, startup: false, activationEvent: 'onLanguage'
2023-10-02 06:27:32.921 [info] ExtensionService#_doActivateExtension s-nlf-fh.glassit, startup: false, activationEvent: '*'
2023-10-02 06:27:33.070 [info] ExtensionService#_doActivateExtension vscode.json-language-features, startup: false, activationEvent: 'onLanguage:jsonc'
2023-10-02 06:27:33.094 [info] ExtensionService#_doActivateExtension vscode.typescript-language-features, startup: false, activationEvent: 'onLanguage:jsonc'
2023-10-02 06:27:42.984 [info] Extension host terminating: renderer closed the MessagePort
2023-10-02 06:27:42.992 [error] Error: ENOENT: no such file or directory, open '/home/Luna/.config/Code - OSS/User/globalStorage/vscodevim.vim/.registers'
2023-10-02 06:27:42.992 [info] Extension host with pid 2767 exiting with code 0
2023-10-02 06:27:44.258 [info] Extension host with pid 2933 started
2023-10-02 06:27:44.258 [info] Skipping acquiring lock for /home/Luna/.config/Code - OSS/User/workspaceStorage/e3f406d0c8389435070494721a09a8f8.
2023-10-02 06:27:44.303 [info] ExtensionService#_doActivateExtension vscode.emmet, startup: false, activationEvent: 'onLanguage'
2023-10-02 06:27:44.331 [info] ExtensionService#_doActivateExtension vscode.git-base, startup: true, activationEvent: '*', root cause: vscode.git
2023-10-02 06:27:44.332 [info] ExtensionService#_doActivateExtension vscodevim.vim, startup: true, activationEvent: '*'
2023-10-02 06:27:44.406 [info] ExtensionService#_doActivateExtension vscode.git, startup: true, activationEvent: '*'
2023-10-02 06:27:44.417 [info] ExtensionService#_doActivateExtension vscode.github, startup: true, activationEvent: '*'
2023-10-02 06:27:44.553 [info] Eager extensions activated
2023-10-02 06:27:44.613 [info] ExtensionService#_doActivateExtension vscode.debug-auto-launch, startup: false, activationEvent: 'onStartupFinished'
2023-10-02 06:27:44.615 [info] ExtensionService#_doActivateExtension vscode.merge-conflict, startup: false, activationEvent: 'onStartupFinished'
2023-10-02 06:27:44.620 [info] ExtensionService#_doActivateExtension formulahendry.code-runner, startup: false, activationEvent: 'onStartupFinished'
2023-10-02 06:27:45.394 [error] Error: ENOENT: no such file or directory, open '/home/Luna/.config/Code - OSS/User/globalStorage/vscodevim.vim/.registers'
