2023-10-04 03:31:14.648 [error] Error: The editor could not be opened because the file was not found.
    at M.bc (vscode-file://vscode-app/usr/lib/code/out/vs/workbench/workbench.desktop.main.js:2318:21886)
    at async M.setInput (vscode-file://vscode-app/usr/lib/code/out/vs/workbench/workbench.desktop.main.js:2318:20972)
    at async s.M (vscode-file://vscode-app/usr/lib/code/out/vs/workbench/workbench.desktop.main.js:2316:20423)
    at async s.D (vscode-file://vscode-app/usr/lib/code/out/vs/workbench/workbench.desktop.main.js:2316:19091)
    at async s.openEditor (vscode-file://vscode-app/usr/lib/code/out/vs/workbench/workbench.desktop.main.js:2316:18079)
    at async vscode-file://vscode-app/usr/lib/code/out/vs/workbench/workbench.desktop.main.js:2505:12564
2023-10-04 03:31:14.700 [error] Extension 'ms-python.python CANNOT USE these API proposals 'contribEditorContentMenu, quickPickSortByLabel, envShellEvent, testObserver, quickPickItemTooltip, saveEditor'. You MUST start in extension development mode or use the --enable-proposed-api command line flag
2023-10-04 03:31:14.756 [error] [ms-python.python]: editor/content is a proposed menu identifier. It requires 'package.json#enabledApiProposals: ["contribEditorContentMenu"]' and is only available when running out of dev or with the following command line switch: --enable-proposed-api ms-python.python
2023-10-04 03:31:16.911 [error] ENOENT: no such file or directory, open '/home/Luna/.config/Code - OSS/User/globalStorage/vscodevim.vim/.registers': Error: ENOENT: no such file or directory, open '/home/Luna/.config/Code - OSS/User/globalStorage/vscodevim.vim/.registers'
2023-10-04 03:31:17.754 [info] [perf] Render performance baseline is 23ms
2023-10-04 03:31:50.477 [error] Extension 'ms-python.python CANNOT USE these API proposals 'contribEditorContentMenu, quickPickSortByLabel, envShellEvent, testObserver, quickPickItemTooltip, saveEditor'. You MUST start in extension development mode or use the --enable-proposed-api command line flag
2023-10-04 03:31:50.540 [error] [ms-python.python]: editor/content is a proposed menu identifier. It requires 'package.json#enabledApiProposals: ["contribEditorContentMenu"]' and is only available when running out of dev or with the following command line switch: --enable-proposed-api ms-python.python
2023-10-04 03:31:53.182 [info] [perf] Render performance baseline is 18ms
2023-10-04 03:34:57.119 [warning] [backup tracker] suspended, ignoring dirty change event file:///home/Luna/programing/work/AclTests/src/main.rs 
2023-10-04 03:34:58.047 [error] Extension 'ms-python.python CANNOT USE these API proposals 'contribEditorContentMenu, quickPickSortByLabel, envShellEvent, testObserver, quickPickItemTooltip, saveEditor'. You MUST start in extension development mode or use the --enable-proposed-api command line flag
2023-10-04 03:34:58.114 [error] [ms-python.python]: editor/content is a proposed menu identifier. It requires 'package.json#enabledApiProposals: ["contribEditorContentMenu"]' and is only available when running out of dev or with the following command line switch: --enable-proposed-api ms-python.python
2023-10-04 03:35:01.033 [info] [perf] Render performance baseline is 22ms
2023-10-04 04:30:04.969 [error] Unable to read file '/home/Luna/programing/work/acl_tests/src/main.rs' (Error: File not modified since): Error: Unable to read file '/home/Luna/programing/work/acl_tests/src/main.rs' (Error: File not modified since)
    at r.w (vscode-file://vscode-app/usr/lib/code/out/vs/workbench/workbench.desktop.main.js:630:16316)
    at r.v (vscode-file://vscode-app/usr/lib/code/out/vs/workbench/workbench.desktop.main.js:630:16204)
    at async b.H (vscode-file://vscode-app/usr/lib/code/out/vs/workbench/workbench.desktop.main.js:2340:37067)
    at async b.readStream (vscode-file://vscode-app/usr/lib/code/out/vs/workbench/workbench.desktop.main.js:2340:36824)
    at async L.zb (vscode-file://vscode-app/usr/lib/code/out/vs/workbench/workbench.desktop.main.js:2329:29196)
    at async L.resolve (vscode-file://vscode-app/usr/lib/code/out/vs/workbench/workbench.desktop.main.js:2329:27643)
    at async vscode-file://vscode-app/usr/lib/code/out/vs/workbench/workbench.desktop.main.js:2340:32937
2023-10-04 04:31:26.933 [error] Unable to read file '/home/Luna/programing/work/acl_tests/src/main.rs' (Error: File not modified since): Error: Unable to read file '/home/Luna/programing/work/acl_tests/src/main.rs' (Error: File not modified since)
    at r.w (vscode-file://vscode-app/usr/lib/code/out/vs/workbench/workbench.desktop.main.js:630:16316)
    at r.v (vscode-file://vscode-app/usr/lib/code/out/vs/workbench/workbench.desktop.main.js:630:16204)
    at async b.H (vscode-file://vscode-app/usr/lib/code/out/vs/workbench/workbench.desktop.main.js:2340:37067)
    at async b.readStream (vscode-file://vscode-app/usr/lib/code/out/vs/workbench/workbench.desktop.main.js:2340:36824)
    at async L.zb (vscode-file://vscode-app/usr/lib/code/out/vs/workbench/workbench.desktop.main.js:2329:29196)
    at async L.resolve (vscode-file://vscode-app/usr/lib/code/out/vs/workbench/workbench.desktop.main.js:2329:27643)
    at async vscode-file://vscode-app/usr/lib/code/out/vs/workbench/workbench.desktop.main.js:2340:32937
