2023-10-04 03:31:14.594 [info] Added views:workbench.panel.markers.view in workbench.panel.markers
2023-10-04 03:31:14.594 [info] Added views:workbench.panel.output in workbench.panel.output
2023-10-04 03:31:14.594 [info] Added views:terminal in terminal
2023-10-04 03:31:14.594 [info] Added views:outline in workbench.view.explorer
2023-10-04 03:31:14.594 [info] Added views:workbench.scm in workbench.view.scm
2023-10-04 03:31:14.594 [info] Added views:workbench.view.search in workbench.view.search
2023-10-04 03:31:14.594 [info] Added views:timeline in workbench.view.explorer
2023-10-04 03:31:14.594 [info] Added views:workbench.explorer.fileView in workbench.view.explorer
2023-10-04 03:31:14.963 [info] Added views:workbench.debug.welcome in workbench.view.debug
2023-10-04 03:31:15.364 [info] Added views:~remote.forwardedPorts in ~remote.forwardedPortsContainer
2023-10-04 03:31:15.534 [info] Added views:workbench.panel.repl.view in workbench.panel.repl
2023-10-04 03:31:50.350 [info] Added views:workbench.panel.markers.view in workbench.panel.markers
2023-10-04 03:31:50.350 [info] Added views:workbench.panel.output in workbench.panel.output
2023-10-04 03:31:50.350 [info] Added views:terminal in terminal
2023-10-04 03:31:50.350 [info] Added views:outline in workbench.view.explorer
2023-10-04 03:31:50.350 [info] Added views:workbench.scm in workbench.view.scm
2023-10-04 03:31:50.350 [info] Added views:workbench.view.search in workbench.view.search
2023-10-04 03:31:50.350 [info] Added views:timeline in workbench.view.explorer
2023-10-04 03:31:50.350 [info] Added views:workbench.explorer.fileView in workbench.view.explorer
2023-10-04 03:31:50.444 [info] Added views:workbench.debug.variablesView,workbench.debug.watchExpressionsView,workbench.debug.callStackView,workbench.debug.breakPointsView in workbench.view.debug
2023-10-04 03:31:50.583 [info] Added views:~remote.forwardedPorts in ~remote.forwardedPortsContainer
2023-10-04 03:31:50.988 [info] Added views:workbench.panel.repl.view in workbench.panel.repl
2023-10-04 03:31:50.988 [info] Removed views:workbench.debug.breakPointsView,workbench.debug.callStackView,workbench.debug.watchExpressionsView,workbench.debug.variablesView from workbench.view.debug
2023-10-04 03:31:50.991 [info] Added views:workbench.debug.welcome in workbench.view.debug
2023-10-04 03:31:58.452 [info] Added views:rustDependencies in workbench.view.explorer
2023-10-04 03:34:57.920 [info] Added views:workbench.panel.markers.view in workbench.panel.markers
2023-10-04 03:34:57.920 [info] Added views:workbench.panel.output in workbench.panel.output
2023-10-04 03:34:57.920 [info] Added views:terminal in terminal
2023-10-04 03:34:57.920 [info] Added views:outline in workbench.view.explorer
2023-10-04 03:34:57.920 [info] Added views:workbench.scm in workbench.view.scm
2023-10-04 03:34:57.920 [info] Added views:workbench.view.search in workbench.view.search
2023-10-04 03:34:57.920 [info] Added views:timeline in workbench.view.explorer
2023-10-04 03:34:57.920 [info] Added views:workbench.explorer.fileView in workbench.view.explorer
2023-10-04 03:34:58.401 [info] Added views:workbench.debug.variablesView,workbench.debug.watchExpressionsView,workbench.debug.callStackView,workbench.debug.breakPointsView in workbench.view.debug
2023-10-04 03:34:58.852 [info] Added views:workbench.panel.repl.view in workbench.panel.repl
2023-10-04 03:34:58.852 [info] Removed views:workbench.debug.breakPointsView,workbench.debug.callStackView,workbench.debug.watchExpressionsView,workbench.debug.variablesView from workbench.view.debug
2023-10-04 03:34:58.852 [info] Added views:workbench.debug.welcome in workbench.view.debug
2023-10-04 03:34:58.868 [info] Added views:~remote.forwardedPorts in ~remote.forwardedPortsContainer
2023-10-04 03:34:59.554 [info] Added views:rustDependencies in workbench.view.explorer
2023-10-04 03:35:34.536 [info] Added views:workbench.views.extensions.installed,workbench.views.extensions.popular,extensions.recommendedList in workbench.view.extensions
2023-10-04 03:35:34.540 [info] Removed views:workbench.views.extensions.popular from workbench.view.extensions
2023-10-04 03:35:43.954 [info] Removed views:extensions.recommendedList,workbench.views.extensions.installed from workbench.view.extensions
2023-10-04 03:35:43.964 [info] Added views:workbench.views.extensions.marketplace in workbench.view.extensions
2023-10-04 03:35:46.153 [info] Removed views:workbench.views.extensions.marketplace from workbench.view.extensions
2023-10-04 03:35:46.166 [info] Added views:workbench.views.extensions.installed,extensions.recommendedList in workbench.view.extensions
2023-10-04 03:35:47.398 [info] Removed views:extensions.recommendedList,workbench.views.extensions.installed from workbench.view.extensions
2023-10-04 03:35:47.406 [info] Added views:workbench.views.extensions.marketplace in workbench.view.extensions
